
> dev
> vite dev --debug --port 4174

Using secrets defined in .env
File C:\Users\nayeems\Downloads\FILES\code-base\vscode\projects\visaflow-assistant-main\visaflow-assistant-main\src\routeTree.gen.ts was modified by another process during processing.
Using secrets defined in .env

  [32m[1mVITE[22m v7.3.2[39m  [2mready in [0m[1m7632[22m[2m[0m ms[22m

  [32m➜[39m  [1mLocal[22m:   [36mhttp://localhost:[1m4174[22m/[39m
[2m  [32m➜[39m  [1mNetwork[22m[2m: use [22m[1m--host[22m[2m to expose[22m
  [32m➜[39m  [1mDebug[22m:   [2m[33mhttp://localhost:[1m4174[22m[2m/__debug[39m[22m
[2m[32m  ➜[39m[22m[2m  press [22m[1me + enter[22m[2m to open local explorer[22m
[2m[32m  ➜[39m[22m[2m  press [22m[1mb + enter[22m[2m to list configured Cloudflare bindings[22m
[2m[32m  ➜[39m[22m[2m  press [22m[1mh + enter[22m[2m to show help[22m
[2m12:41:08 AM[22m [36m[1m[vite][22m[39m [32mvite.config.ts changed, restarting server...[39m
Using secrets defined in .env
File C:\Users\nayeems\Downloads\FILES\code-base\vscode\projects\visaflow-assistant-main\visaflow-assistant-main\src\routeTree.gen.ts was modified by another process during processing.
[2m12:41:09 AM[22m [36m[1m[vite][22m[39m [34m[2m(ssr)[22m[39m [32mhmr update [39m[2m/@id/virtual:cloudflare/worker-entry[22m
File C:\Users\nayeems\Downloads\FILES\code-base\vscode\projects\visaflow-assistant-main\visaflow-assistant-main\src\routeTree.gen.ts was modified by another process during processing.
[2m12:41:09 AM[22m [36m[1m[vite][22m[39m [34m[2m(ssr)[22m[39m [32mhmr update [39m[2m/@id/virtual:cloudflare/worker-entry[22m
[2m12:41:09 AM[22m [36m[1m[vite][22m[39m [34m[2m(ssr)[22m[39m [32mhmr update [39m[2m/@id/virtual:cloudflare/worker-entry[22m
[2m12:41:09 AM[22m [36m[1m[vite][22m[39m [34m[2m(ssr)[22m[39m [32mhmr update [39m[2m/@id/virtual:cloudflare/worker-entry[22m
[2m12:41:10 AM[22m [36m[1m[vite][22m[39m [34m[2m(ssr)[22m[39m [32mhmr update [39m[2m/@id/virtual:cloudflare/worker-entry[22m
[2m12:41:13 AM[22m [36m[1m[vite][22m[39m server restarted.
File C:\Users\nayeems\Downloads\FILES\code-base\vscode\projects\visaflow-assistant-main\visaflow-assistant-main\src\routeTree.gen.ts was modified by another process during processing.
File C:\Users\nayeems\Downloads\FILES\code-base\vscode\projects\visaflow-assistant-main\visaflow-assistant-main\src\routeTree.gen.ts was modified by another process during processing.
File C:\Users\nayeems\Downloads\FILES\code-base\vscode\projects\visaflow-assistant-main\visaflow-assistant-main\src\routeTree.gen.ts was modified by another process during processing.
File C:\Users\nayeems\Downloads\FILES\code-base\vscode\projects\visaflow-assistant-main\visaflow-assistant-main\src\routeTree.gen.ts was modified by another process during processing.
File C:\Users\nayeems\Downloads\FILES\code-base\vscode\projects\visaflow-assistant-main\visaflow-assistant-main\src\routeTree.gen.ts was modified by another process during processing.
File C:\Users\nayeems\Downloads\FILES\code-base\vscode\projects\visaflow-assistant-main\visaflow-assistant-main\src\routeTree.gen.ts was modified by another process during processing.
File C:\Users\nayeems\Downloads\FILES\code-base\vscode\projects\visaflow-assistant-main\visaflow-assistant-main\src\routeTree.gen.ts was modified by another process during processing.
File C:\Users\nayeems\Downloads\FILES\code-base\vscode\projects\visaflow-assistant-main\visaflow-assistant-main\src\routeTree.gen.ts was modified by another process during processing.
File C:\Users\nayeems\Downloads\FILES\code-base\vscode\projects\visaflow-assistant-main\visaflow-assistant-main\src\routeTree.gen.ts was modified by another process during processing.
