[2mDefault inspector port 9229 not available, using 9232 instead
[22m
Error: EPERM: operation not permitted, rename 'C:\Users\nayeems\Downloads\FILES\code-base\vscode\projects\visaflow-assistant-main\visaflow-assistant-main\.tanstack\tmp\12699886-81379ba752abb1b3c0457b2c7905e184' -> 'C:\Users\nayeems\Downloads\FILES\code-base\vscode\projects\visaflow-assistant-main\visaflow-assistant-main\src\routeTree.gen.ts'
    at file:///C:/Users/nayeems/Downloads/FILES/code-base/vscode/projects/visaflow-assistant-main/visaflow-assistant-main/node_modules/@tanstack/router-generator/dist/esm/generator.js:127:13
    at async generate (file:///C:/Users/nayeems/Downloads/FILES/code-base/vscode/projects/visaflow-assistant-main/visaflow-assistant-main/node_modules/@tanstack/router-plugin/dist/esm/core/router-generator-plugin.js:38:4)
    at async PluginContext.watchChange (file:///C:/Users/nayeems/Downloads/FILES/code-base/vscode/projects/visaflow-assistant-main/visaflow-assistant-main/node_modules/@tanstack/router-plugin/dist/esm/core/router-generator-plugin.js:48:4)
    at async Promise.all (index 2)
    at async EnvironmentPluginContainer.hookParallel (file:///C:/Users/nayeems/Downloads/FILES/code-base/vscode/projects/visaflow-assistant-main/visaflow-assistant-main/node_modules/vite/dist/node/chunks/config.js:28665:3)
    at async EnvironmentPluginContainer.watchChange (file:///C:/Users/nayeems/Downloads/FILES/code-base/vscode/projects/visaflow-assistant-main/visaflow-assistant-main/node_modules/vite/dist/node/chunks/config.js:28825:3)
    at async Promise.all (index 0)
    at async FSWatcher.<anonymous> (file:///C:/Users/nayeems/Downloads/FILES/code-base/vscode/projects/visaflow-assistant-main/visaflow-assistant-main/node_modules/vite/dist/node/chunks/config.js:25582:3)
Error: EPERM: operation not permitted, rename 'C:\Users\nayeems\Downloads\FILES\code-base\vscode\projects\visaflow-assistant-main\visaflow-assistant-main\.tanstack\tmp\8fdd0a46-81379ba752abb1b3c0457b2c7905e184' -> 'C:\Users\nayeems\Downloads\FILES\code-base\vscode\projects\visaflow-assistant-main\visaflow-assistant-main\src\routeTree.gen.ts'
    at file:///C:/Users/nayeems/Downloads/FILES/code-base/vscode/projects/visaflow-assistant-main/visaflow-assistant-main/node_modules/@tanstack/router-generator/dist/esm/generator.js:127:13
Error: EPERM: operation not permitted, rename 'C:\Users\nayeems\Downloads\FILES\code-base\vscode\projects\visaflow-assistant-main\visaflow-assistant-main\.tanstack\tmp\8fdd0a46-81379ba752abb1b3c0457b2c7905e184' -> 'C:\Users\nayeems\Downloads\FILES\code-base\vscode\projects\visaflow-assistant-main\visaflow-assistant-main\src\routeTree.gen.ts'
    at file:///C:/Users/nayeems/Downloads/FILES/code-base/vscode/projects/visaflow-assistant-main/visaflow-assistant-main/node_modules/@tanstack/router-generator/dist/esm/generator.js:127:13
Error: EPERM: operation not permitted, rename 'C:\Users\nayeems\Downloads\FILES\code-base\vscode\projects\visaflow-assistant-main\visaflow-assistant-main\.tanstack\tmp\12699886-81379ba752abb1b3c0457b2c7905e184' -> 'C:\Users\nayeems\Downloads\FILES\code-base\vscode\projects\visaflow-assistant-main\visaflow-assistant-main\src\routeTree.gen.ts'
    at file:///C:/Users/nayeems/Downloads/FILES/code-base/vscode/projects/visaflow-assistant-main/visaflow-assistant-main/node_modules/@tanstack/router-generator/dist/esm/generator.js:127:13
    at async generate (file:///C:/Users/nayeems/Downloads/FILES/code-base/vscode/projects/visaflow-assistant-main/visaflow-assistant-main/node_modules/@tanstack/router-plugin/dist/esm/core/router-generator-plugin.js:38:4)
    at async PluginContext.watchChange (file:///C:/Users/nayeems/Downloads/FILES/code-base/vscode/projects/visaflow-assistant-main/visaflow-assistant-main/node_modules/@tanstack/router-plugin/dist/esm/core/router-generator-plugin.js:48:4)
    at async Promise.all (index 2)
    at async EnvironmentPluginContainer.hookParallel (file:///C:/Users/nayeems/Downloads/FILES/code-base/vscode/projects/visaflow-assistant-main/visaflow-assistant-main/node_modules/vite/dist/node/chunks/config.js:28665:3)
    at async EnvironmentPluginContainer.watchChange (file:///C:/Users/nayeems/Downloads/FILES/code-base/vscode/projects/visaflow-assistant-main/visaflow-assistant-main/node_modules/vite/dist/node/chunks/config.js:28825:3)
    at async Promise.all (index 0)
    at async FSWatcher.<anonymous> (file:///C:/Users/nayeems/Downloads/FILES/code-base/vscode/projects/visaflow-assistant-main/visaflow-assistant-main/node_modules/vite/dist/node/chunks/config.js:25582:3)
Error: EPERM: operation not permitted, rename 'C:\Users\nayeems\Downloads\FILES\code-base\vscode\projects\visaflow-assistant-main\visaflow-assistant-main\.tanstack\tmp\8fdd0a46-81379ba752abb1b3c0457b2c7905e184' -> 'C:\Users\nayeems\Downloads\FILES\code-base\vscode\projects\visaflow-assistant-main\visaflow-assistant-main\src\routeTree.gen.ts'
    at file:///C:/Users/nayeems/Downloads/FILES/code-base/vscode/projects/visaflow-assistant-main/visaflow-assistant-main/node_modules/@tanstack/router-generator/dist/esm/generator.js:127:13
    at async generate (file:///C:/Users/nayeems/Downloads/FILES/code-base/vscode/projects/visaflow-assistant-main/visaflow-assistant-main/node_modules/@tanstack/router-plugin/dist/esm/core/router-generator-plugin.js:38:4)
    at async PluginContext.watchChange (file:///C:/Users/nayeems/Downloads/FILES/code-base/vscode/projects/visaflow-assistant-main/visaflow-assistant-main/node_modules/@tanstack/router-plugin/dist/esm/core/router-generator-plugin.js:48:4)
    at async Promise.all (index 1)
    at async EnvironmentPluginContainer.hookParallel (file:///C:/Users/nayeems/Downloads/FILES/code-base/vscode/projects/visaflow-assistant-main/visaflow-assistant-main/node_modules/vite/dist/node/chunks/config.js:28665:3)
    at async EnvironmentPluginContainer.watchChange (file:///C:/Users/nayeems/Downloads/FILES/code-base/vscode/projects/visaflow-assistant-main/visaflow-assistant-main/node_modules/vite/dist/node/chunks/config.js:28825:3)
    at async Promise.all (index 0)
    at async FSWatcher.<anonymous> (file:///C:/Users/nayeems/Downloads/FILES/code-base/vscode/projects/visaflow-assistant-main/visaflow-assistant-main/node_modules/vite/dist/node/chunks/config.js:25582:3)
Error: EPERM: operation not permitted, rename 'C:\Users\nayeems\Downloads\FILES\code-base\vscode\projects\visaflow-assistant-main\visaflow-assistant-main\.tanstack\tmp\12699886-81379ba752abb1b3c0457b2c7905e184' -> 'C:\Users\nayeems\Downloads\FILES\code-base\vscode\projects\visaflow-assistant-main\visaflow-assistant-main\src\routeTree.gen.ts'
    at file:///C:/Users/nayeems/Downloads/FILES/code-base/vscode/projects/visaflow-assistant-main/visaflow-assistant-main/node_modules/@tanstack/router-generator/dist/esm/generator.js:127:13
    at async generate (file:///C:/Users/nayeems/Downloads/FILES/code-base/vscode/projects/visaflow-assistant-main/visaflow-assistant-main/node_modules/@tanstack/router-plugin/dist/esm/core/router-generator-plugin.js:38:4)
    at async PluginContext.watchChange (file:///C:/Users/nayeems/Downloads/FILES/code-base/vscode/projects/visaflow-assistant-main/visaflow-assistant-main/node_modules/@tanstack/router-plugin/dist/esm/core/router-generator-plugin.js:48:4)
    at async Promise.all (index 2)
    at async EnvironmentPluginContainer.hookParallel (file:///C:/Users/nayeems/Downloads/FILES/code-base/vscode/projects/visaflow-assistant-main/visaflow-assistant-main/node_modules/vite/dist/node/chunks/config.js:28665:3)
    at async EnvironmentPluginContainer.watchChange (file:///C:/Users/nayeems/Downloads/FILES/code-base/vscode/projects/visaflow-assistant-main/visaflow-assistant-main/node_modules/vite/dist/node/chunks/config.js:28825:3)
    at async Promise.all (index 0)
    at async FSWatcher.<anonymous> (file:///C:/Users/nayeems/Downloads/FILES/code-base/vscode/projects/visaflow-assistant-main/visaflow-assistant-main/node_modules/vite/dist/node/chunks/config.js:25582:3)
Error: EPERM: operation not permitted, rename 'C:\Users\nayeems\Downloads\FILES\code-base\vscode\projects\visaflow-assistant-main\visaflow-assistant-main\.tanstack\tmp\12699886-81379ba752abb1b3c0457b2c7905e184' -> 'C:\Users\nayeems\Downloads\FILES\code-base\vscode\projects\visaflow-assistant-main\visaflow-assistant-main\src\routeTree.gen.ts'
    at file:///C:/Users/nayeems/Downloads/FILES/code-base/vscode/projects/visaflow-assistant-main/visaflow-assistant-main/node_modules/@tanstack/router-generator/dist/esm/generator.js:127:13
    at async generate (file:///C:/Users/nayeems/Downloads/FILES/code-base/vscode/projects/visaflow-assistant-main/visaflow-assistant-main/node_modules/@tanstack/router-plugin/dist/esm/core/router-generator-plugin.js:38:4)
    at async PluginContext.watchChange (file:///C:/Users/nayeems/Downloads/FILES/code-base/vscode/projects/visaflow-assistant-main/visaflow-assistant-main/node_modules/@tanstack/router-plugin/dist/esm/core/router-generator-plugin.js:48:4)
    at async Promise.all (index 2)
    at async EnvironmentPluginContainer.hookParallel (file:///C:/Users/nayeems/Downloads/FILES/code-base/vscode/projects/visaflow-assistant-main/visaflow-assistant-main/node_modules/vite/dist/node/chunks/config.js:28665:3)
    at async EnvironmentPluginContainer.watchChange (file:///C:/Users/nayeems/Downloads/FILES/code-base/vscode/projects/visaflow-assistant-main/visaflow-assistant-main/node_modules/vite/dist/node/chunks/config.js:28825:3)
    at async Promise.all (index 0)
    at async FSWatcher.<anonymous> (file:///C:/Users/nayeems/Downloads/FILES/code-base/vscode/projects/visaflow-assistant-main/visaflow-assistant-main/node_modules/vite/dist/node/chunks/config.js:25582:3)
Error: EPERM: operation not permitted, rename 'C:\Users\nayeems\Downloads\FILES\code-base\vscode\projects\visaflow-assistant-main\visaflow-assistant-main\.tanstack\tmp\8fdd0a46-81379ba752abb1b3c0457b2c7905e184' -> 'C:\Users\nayeems\Downloads\FILES\code-base\vscode\projects\visaflow-assistant-main\visaflow-assistant-main\src\routeTree.gen.ts'
    at file:///C:/Users/nayeems/Downloads/FILES/code-base/vscode/projects/visaflow-assistant-main/visaflow-assistant-main/node_modules/@tanstack/router-generator/dist/esm/generator.js:127:13
    at async generate (file:///C:/Users/nayeems/Downloads/FILES/code-base/vscode/projects/visaflow-assistant-main/visaflow-assistant-main/node_modules/@tanstack/router-plugin/dist/esm/core/router-generator-plugin.js:38:4)
    at async PluginContext.watchChange (file:///C:/Users/nayeems/Downloads/FILES/code-base/vscode/projects/visaflow-assistant-main/visaflow-assistant-main/node_modules/@tanstack/router-plugin/dist/esm/core/router-generator-plugin.js:48:4)
    at async Promise.all (index 1)
    at async EnvironmentPluginContainer.hookParallel (file:///C:/Users/nayeems/Downloads/FILES/code-base/vscode/projects/visaflow-assistant-main/visaflow-assistant-main/node_modules/vite/dist/node/chunks/config.js:28665:3)
    at async EnvironmentPluginContainer.watchChange (file:///C:/Users/nayeems/Downloads/FILES/code-base/vscode/projects/visaflow-assistant-main/visaflow-assistant-main/node_modules/vite/dist/node/chunks/config.js:28825:3)
    at async Promise.all (index 0)
    at async FSWatcher.<anonymous> (file:///C:/Users/nayeems/Downloads/FILES/code-base/vscode/projects/visaflow-assistant-main/visaflow-assistant-main/node_modules/vite/dist/node/chunks/config.js:25582:3)
Error: EPERM: operation not permitted, rename 'C:\Users\nayeems\Downloads\FILES\code-base\vscode\projects\visaflow-assistant-main\visaflow-assistant-main\.tanstack\tmp\12699886-81379ba752abb1b3c0457b2c7905e184' -> 'C:\Users\nayeems\Downloads\FILES\code-base\vscode\projects\visaflow-assistant-main\visaflow-assistant-main\src\routeTree.gen.ts'
    at file:///C:/Users/nayeems/Downloads/FILES/code-base/vscode/projects/visaflow-assistant-main/visaflow-assistant-main/node_modules/@tanstack/router-generator/dist/esm/generator.js:127:13
    at async generate (file:///C:/Users/nayeems/Downloads/FILES/code-base/vscode/projects/visaflow-assistant-main/visaflow-assistant-main/node_modules/@tanstack/router-plugin/dist/esm/core/router-generator-plugin.js:38:4)
    at async PluginContext.watchChange (file:///C:/Users/nayeems/Downloads/FILES/code-base/vscode/projects/visaflow-assistant-main/visaflow-assistant-main/node_modules/@tanstack/router-plugin/dist/esm/core/router-generator-plugin.js:48:4)
    at async Promise.all (index 2)
    at async EnvironmentPluginContainer.hookParallel (file:///C:/Users/nayeems/Downloads/FILES/code-base/vscode/projects/visaflow-assistant-main/visaflow-assistant-main/node_modules/vite/dist/node/chunks/config.js:28665:3)
    at async EnvironmentPluginContainer.watchChange (file:///C:/Users/nayeems/Downloads/FILES/code-base/vscode/projects/visaflow-assistant-main/visaflow-assistant-main/node_modules/vite/dist/node/chunks/config.js:28825:3)
    at async Promise.all (index 0)
    at async FSWatcher.<anonymous> (file:///C:/Users/nayeems/Downloads/FILES/code-base/vscode/projects/visaflow-assistant-main/visaflow-assistant-main/node_modules/vite/dist/node/chunks/config.js:25582:3)
Error: EPERM: operation not permitted, rename 'C:\Users\nayeems\Downloads\FILES\code-base\vscode\projects\visaflow-assistant-main\visaflow-assistant-main\.tanstack\tmp\12699886-81379ba752abb1b3c0457b2c7905e184' -> 'C:\Users\nayeems\Downloads\FILES\code-base\vscode\projects\visaflow-assistant-main\visaflow-assistant-main\src\routeTree.gen.ts'
    at file:///C:/Users/nayeems/Downloads/FILES/code-base/vscode/projects/visaflow-assistant-main/visaflow-assistant-main/node_modules/@tanstack/router-generator/dist/esm/generator.js:127:13
    at async generate (file:///C:/Users/nayeems/Downloads/FILES/code-base/vscode/projects/visaflow-assistant-main/visaflow-assistant-main/node_modules/@tanstack/router-plugin/dist/esm/core/router-generator-plugin.js:38:4)
    at async PluginContext.watchChange (file:///C:/Users/nayeems/Downloads/FILES/code-base/vscode/projects/visaflow-assistant-main/visaflow-assistant-main/node_modules/@tanstack/router-plugin/dist/esm/core/router-generator-plugin.js:48:4)
    at async Promise.all (index 2)
    at async EnvironmentPluginContainer.hookParallel (file:///C:/Users/nayeems/Downloads/FILES/code-base/vscode/projects/visaflow-assistant-main/visaflow-assistant-main/node_modules/vite/dist/node/chunks/config.js:28665:3)
    at async EnvironmentPluginContainer.watchChange (file:///C:/Users/nayeems/Downloads/FILES/code-base/vscode/projects/visaflow-assistant-main/visaflow-assistant-main/node_modules/vite/dist/node/chunks/config.js:28825:3)
    at async Promise.all (index 0)
    at async FSWatcher.<anonymous> (file:///C:/Users/nayeems/Downloads/FILES/code-base/vscode/projects/visaflow-assistant-main/visaflow-assistant-main/node_modules/vite/dist/node/chunks/config.js:25582:3)
